2024-07-27 01:36:50,086 Using selector: EpollSelector
2024-07-27 01:36:50,869 Error: BrowserType.launch: Target page, context or browser has been closed
Browser logs:

<launching> /home/runner/.cache/ms-playwright/chromium-1124/chrome-linux/chrome --disable-field-trial-config --disable-background-networking --enable-features=NetworkService,NetworkServiceInProcess --disable-background-timer-throttling --disable-backgrounding-occluded-windows --disable-back-forward-cache --disable-breakpad --disable-client-side-phishing-detection --disable-component-extensions-with-background-pages --disable-component-update --no-default-browser-check --disable-default-apps --disable-dev-shm-usage --disable-extensions --disable-features=ImprovedCookieControls,LazyFrameLoading,GlobalMediaControls,DestroyProfileOnBrowserClose,MediaRouter,DialMediaRouteProvider,AcceptCHFrame,AutoExpandDetailsElement,CertificateTransparencyComponentUpdater,AvoidUnnecessaryBeforeUnloadCheckSync,Translate,HttpsUpgrades,PaintHolding --allow-pre-commit-input --disable-hang-monitor --disable-ipc-flooding-protection --disable-popup-blocking --disable-prompt-on-repost --disable-renderer-backgrounding --force-color-profile=srgb --metrics-recording-only --no-first-run --enable-automation --password-store=basic --use-mock-keychain --no-service-autorun --export-tagged-pdf --disable-search-engine-choice-screen --unsafely-disable-devtools-self-xss-warnings --headless --hide-scrollbars --mute-audio --blink-settings=primaryHoverType=2,availableHoverTypes=2,primaryPointerType=4,availablePointerTypes=4 --no-sandbox --disable-gpu --single-process --user-data-dir=/tmp/playwright_chromiumdev_profile-XXXXXXpZ4lAh --remote-debugging-pipe --no-startup-window
<launched> pid=3010
[pid=3010][err] [0727/013650.404953:WARNING:audio_manager_linux.cc(53)] Falling back to ALSA for audio output. PulseAudio is not available or could not be initialized.
[pid=3010][err] Received signal 11 SI_KERNEL000000000000
[pid=3010][err]  Possibly a General Protection Fault, can be due to a non-canonical address dereference. See "Intel 64 and IA-32 Architectures Software Developer’s Manual", Volume 1, Section 3.3.7.1.
[pid=3010][err] #0 0x5602eae488e2 base::debug::CollectStackTrace()
[pid=3010][err] #1 0x5602eae35cde base::debug::StackTrace::StackTrace()
[pid=3010][err] #2 0x5602eae482f1 base::debug::(anonymous namespace)::StackDumpSignalHandler()
[pid=3010][err] #3 0x7f7a32c42520 (/usr/lib/x86_64-linux-gnu/libc.so.6+0x4251f)
[pid=3010][err] #4 0x7f7a32c44c1d getenv
[pid=3010][err] #5 0x5602eb8407af IA__FcConfigGetFilename
[pid=3010][err] #6 0x5602eb85b8c8 _FcConfigParse
[pid=3010][err] #7 0x5602eb85d3b8 FcParseInclude
[pid=3010][err] #8 0x5602eb85caff FcEndElement
[pid=3010][err] #9 0x5602eb87b8ff xmlParseEndTag1
[pid=3010][err] #10 0x5602eb87ee46 xmlParseChunk
[pid=3010][err] #11 0x5602eb85c0b7 FcConfigParseAndLoadFromMemoryInternal
[pid=3010][err] #12 0x5602eb85bbfc _FcConfigParse
[pid=3010][err] #13 0x5602eb85bc83 _FcConfigParse
[pid=3010][err] #14 0x5602eb85d3b8 FcParseInclude
[pid=3010][err] #15 0x5602eb85caff FcEndElement
[pid=3010][err] #16 0x5602eb87b8ff xmlParseEndTag1
[pid=3010][err] #17 0x5602eb87ee46 xmlParseChunk
[pid=3010][err] #18 0x5602eb85c0b7 FcConfigParseAndLoadFromMemoryInternal
[pid=3010][err] #19 0x5602eb85bbfc _FcConfigParse
[pid=3010][err] #20 0x5602eb84f28b FcInitLoadOwnConfig
[pid=3010][err] #21 0x5602eb84f4e1 IA__FcInitLoadConfigAndFonts
[pid=3010][err] #22 0x5602eb83f6d1 FcConfigInit
[pid=3010][err] #23 0x5602ec0ef105 base::NoDestructor<>::NoDestructor<>()
[pid=3010][err] #24 0x5602ec0ef096 base::internal::Invoker<>::RunOnce()
[pid=3010][err] #25 0x5602eaddaeef base::TaskAnnotator::RunTaskImpl()
[pid=3010][err] #26 0x5602eadfdfc7 base::internal::TaskTracker::RunTaskImpl()
[pid=3010][err] #27 0x5602eadfe061 base::internal::TaskTracker::RunSkipOnShutdown()
[pid=3010][err] #28 0x5602eadfdd36 base::internal::TaskTracker::RunTask()
[pid=3010][err] #29 0x5602eadfd8c0 base::internal::TaskTracker::RunAndPopNextTask()
[pid=3010][err] #30 0x5602eae0f988 base::internal::WorkerThread::RunWorker()
[pid=3010][err] #31 0x5602eae0f5ed base::internal::WorkerThread::RunPooledWorker()
[pid=3010][err] #32 0x5602eae0f4ed base::internal::WorkerThread::ThreadMain()
[pid=3010][err] #33 0x5602eae2c2ea base::(anonymous namespace)::ThreadFunc()
[pid=3010][err] #34 0x7f7a32c94ac3 (/usr/lib/x86_64-linux-gnu/libc.so.6+0x94ac2)
[pid=3010][err] #35 0x7f7a32d26850 (/usr/lib/x86_64-linux-gnu/libc.so.6+0x12684f)
[pid=3010][err]   r8: 000038a800418600  r9: 000020f800163840 r10: 000000000000002a r11: 000020f8000f5560
[pid=3010][err]  r12: 00dc2200a8380000 r13: 000000000000000f r14: 000000000000000d r15: 00005602e36f1ff1
[pid=3010][err]   di: 00005602e36f1fff  si: 00007f7a2d242dd0  bp: 0000000000004f46  bx: 000038a80022c800
[pid=3010][err]   dx: 00005602e36f1fef  ax: 000000000000000f  cx: 0000000000000080  sp: 00007f7a2d23e820
[pid=3010][err]   ip: 00007f7a32c44c1d efl: 0000000000010206 cgf: 002b000000000033 erf: 0000000000000000
[pid=3010][err]  trp: 000000000000000d msk: 0000000000000000 cr2: 0000000000000000
[pid=3010][err] [end of stack trace]
Call log:
<launching> /home/runner/.cache/ms-playwright/chromium-1124/chrome-linux/chrome --disable-field-trial-config --disable-background-networking --enable-features=NetworkService,NetworkServiceInProcess --disable-background-timer-throttling --disable-backgrounding-occluded-windows --disable-back-forward-cache --disable-breakpad --disable-client-side-phishing-detection --disable-component-extensions-with-background-pages --disable-component-update --no-default-browser-check --disable-default-apps --disable-dev-shm-usage --disable-extensions --disable-features=ImprovedCookieControls,LazyFrameLoading,GlobalMediaControls,DestroyProfileOnBrowserClose,MediaRouter,DialMediaRouteProvider,AcceptCHFrame,AutoExpandDetailsElement,CertificateTransparencyComponentUpdater,AvoidUnnecessaryBeforeUnloadCheckSync,Translate,HttpsUpgrades,PaintHolding --allow-pre-commit-input --disable-hang-monitor --disable-ipc-flooding-protection --disable-popup-blocking --disable-prompt-on-repost --disable-renderer-backgrounding --force-color-profile=srgb --metrics-recording-only --no-first-run --enable-automation --password-store=basic --use-mock-keychain --no-service-autorun --export-tagged-pdf --disable-search-engine-choice-screen --unsafely-disable-devtools-self-xss-warnings --headless --hide-scrollbars --mute-audio --blink-settings=primaryHoverType=2,availableHoverTypes=2,primaryPointerType=4,availablePointerTypes=4 --no-sandbox --disable-gpu --single-process --user-data-dir=/tmp/playwright_chromiumdev_profile-XXXXXXpZ4lAh --remote-debugging-pipe --no-startup-window
  - <launched> pid=3010
  - [pid=3010][err] [0727/013650.404953:WARNING:audio_manager_linux.cc(53)] Falling back to ALSA for audio output. PulseAudio is not available or could not be initialized.
  - [pid=3010][err] Received signal 11 SI_KERNEL000000000000
  - [pid=3010][err]  Possibly a General Protection Fault, can be due to a non-canonical address dereference. See "Intel 64 and IA-32 Architectures Software Developer’s Manual", Volume 1, Section 3.3.7.1.
  - [pid=3010][err] #0 0x5602eae488e2 base::debug::CollectStackTrace()
  - [pid=3010][err] #1 0x5602eae35cde base::debug::StackTrace::StackTrace()
  - [pid=3010][err] #2 0x5602eae482f1 base::debug::(anonymous namespace)::StackDumpSignalHandler()
  - [pid=3010][err] #3 0x7f7a32c42520 (/usr/lib/x86_64-linux-gnu/libc.so.6+0x4251f)
  - [pid=3010][err] #4 0x7f7a32c44c1d getenv
  - [pid=3010][err] #5 0x5602eb8407af IA__FcConfigGetFilename
  - [pid=3010][err] #6 0x5602eb85b8c8 _FcConfigParse
  - [pid=3010][err] #7 0x5602eb85d3b8 FcParseInclude
  - [pid=3010][err] #8 0x5602eb85caff FcEndElement
  - [pid=3010][err] #9 0x5602eb87b8ff xmlParseEndTag1
  - [pid=3010][err] #10 0x5602eb87ee46 xmlParseChunk
  - [pid=3010][err] #11 0x5602eb85c0b7 FcConfigParseAndLoadFromMemoryInternal
  - [pid=3010][err] #12 0x5602eb85bbfc _FcConfigParse
  - [pid=3010][err] #13 0x5602eb85bc83 _FcConfigParse
  - [pid=3010][err] #14 0x5602eb85d3b8 FcParseInclude
  - [pid=3010][err] #15 0x5602eb85caff FcEndElement
  - [pid=3010][err] #16 0x5602eb87b8ff xmlParseEndTag1
  - [pid=3010][err] #17 0x5602eb87ee46 xmlParseChunk
  - [pid=3010][err] #18 0x5602eb85c0b7 FcConfigParseAndLoadFromMemoryInternal
  - [pid=3010][err] #19 0x5602eb85bbfc _FcConfigParse
  - [pid=3010][err] #20 0x5602eb84f28b FcInitLoadOwnConfig
  - [pid=3010][err] #21 0x5602eb84f4e1 IA__FcInitLoadConfigAndFonts
  - [pid=3010][err] #22 0x5602eb83f6d1 FcConfigInit
  - [pid=3010][err] #23 0x5602ec0ef105 base::NoDestructor<>::NoDestructor<>()
  - [pid=3010][err] #24 0x5602ec0ef096 base::internal::Invoker<>::RunOnce()
  - [pid=3010][err] #25 0x5602eaddaeef base::TaskAnnotator::RunTaskImpl()
  - [pid=3010][err] #26 0x5602eadfdfc7 base::internal::TaskTracker::RunTaskImpl()
  - [pid=3010][err] #27 0x5602eadfe061 base::internal::TaskTracker::RunSkipOnShutdown()
  - [pid=3010][err] #28 0x5602eadfdd36 base::internal::TaskTracker::RunTask()
  - [pid=3010][err] #29 0x5602eadfd8c0 base::internal::TaskTracker::RunAndPopNextTask()
  - [pid=3010][err] #30 0x5602eae0f988 base::internal::WorkerThread::RunWorker()
  - [pid=3010][err] #31 0x5602eae0f5ed base::internal::WorkerThread::RunPooledWorker()
  - [pid=3010][err] #32 0x5602eae0f4ed base::internal::WorkerThread::ThreadMain()
  - [pid=3010][err] #33 0x5602eae2c2ea base::(anonymous namespace)::ThreadFunc()
  - [pid=3010][err] #34 0x7f7a32c94ac3 (/usr/lib/x86_64-linux-gnu/libc.so.6+0x94ac2)
  - [pid=3010][err] #35 0x7f7a32d26850 (/usr/lib/x86_64-linux-gnu/libc.so.6+0x12684f)
  - [pid=3010][err]   r8: 000038a800418600  r9: 000020f800163840 r10: 000000000000002a r11: 000020f8000f5560
  - [pid=3010][err]  r12: 00dc2200a8380000 r13: 000000000000000f r14: 000000000000000d r15: 00005602e36f1ff1
  - [pid=3010][err]   di: 00005602e36f1fff  si: 00007f7a2d242dd0  bp: 0000000000004f46  bx: 000038a80022c800
  - [pid=3010][err]   dx: 00005602e36f1fef  ax: 000000000000000f  cx: 0000000000000080  sp: 00007f7a2d23e820
  - [pid=3010][err]   ip: 00007f7a32c44c1d efl: 0000000000010206 cgf: 002b000000000033 erf: 0000000000000000
  - [pid=3010][err]  trp: 000000000000000d msk: 0000000000000000 cr2: 0000000000000000
  - [pid=3010][err] [end of stack trace]

